
> kekoa-chat@0.1.0 build
> next build

 ⚠ Invalid next.config.js options detected: 
 ⚠     Unrecognized key(s) in object: 'appDir' at "experimental"
 ⚠ See more info here: https://nextjs.org/docs/messages/invalid-next-config
  ▲ Next.js 14.2.8

   Creating an optimized production build ...
Failed to compile.

src/app/layout.tsx
An error occurred in `next/font`.

Error: Invalid package config /Users/jordaaan/Library/Mobile Documents/com~apple~CloudDocs/BHT Promo iCloud/Organized AI/Windsurf/Kekoa Chat/node_modules/tailwindcss/package.json.
    at Object.read (node:internal/modules/package_json_reader:113:33)
    at _readPackage (node:internal/modules/cjs/loader:482:55)
    at resolveExports (node:internal/modules/cjs/loader:667:15)
    at Module._findPath (node:internal/modules/cjs/loader:738:31)
    at Module.<anonymous> (node:internal/modules/cjs/loader:1396:27)
    at /Users/jordaaan/Library/Mobile Documents/com~apple~CloudDocs/BHT Promo iCloud/Organized AI/Windsurf/Kekoa Chat/node_modules/next/dist/server/require-hook.js:55:36
    at require.resolve (node:internal/modules/helpers:163:19)
    at loadPlugin (/Users/jordaaan/Library/Mobile Documents/com~apple~CloudDocs/BHT Promo iCloud/Organized AI/Windsurf/Kekoa Chat/node_modules/next/dist/build/webpack/config/blocks/css/plugins.js:49:32)
    at /Users/jordaaan/Library/Mobile Documents/com~apple~CloudDocs/BHT Promo iCloud/Organized AI/Windsurf/Kekoa Chat/node_modules/next/dist/build/webpack/config/blocks/css/plugins.js:157:56
    at Array.map (<anonymous>)

./src/app/globals.css.webpack[javascript/auto]!=!./node_modules/next/dist/build/webpack/loaders/css-loader/src/index.js??ruleSet[1].rules[13].oneOf[12].use[2]!./node_modules/next/dist/build/webpack/loaders/postcss-loader/src/index.js??ruleSet[1].rules[13].oneOf[12].use[3]!./src/app/globals.css
Error: Invalid package config /Users/jordaaan/Library/Mobile Documents/com~apple~CloudDocs/BHT Promo iCloud/Organized AI/Windsurf/Kekoa Chat/node_modules/tailwindcss/package.json.
    at Object.read (node:internal/modules/package_json_reader:113:33)
    at _readPackage (node:internal/modules/cjs/loader:482:55)
    at resolveExports (node:internal/modules/cjs/loader:667:15)
    at Module._findPath (node:internal/modules/cjs/loader:738:31)
    at Module.<anonymous> (node:internal/modules/cjs/loader:1396:27)
    at /Users/jordaaan/Library/Mobile Documents/com~apple~CloudDocs/BHT Promo iCloud/Organized AI/Windsurf/Kekoa Chat/node_modules/next/dist/server/require-hook.js:55:36
    at require.resolve (node:internal/modules/helpers:163:19)
    at loadPlugin (/Users/jordaaan/Library/Mobile Documents/com~apple~CloudDocs/BHT Promo iCloud/Organized AI/Windsurf/Kekoa Chat/node_modules/next/dist/build/webpack/config/blocks/css/plugins.js:49:32)
    at /Users/jordaaan/Library/Mobile Documents/com~apple~CloudDocs/BHT Promo iCloud/Organized AI/Windsurf/Kekoa Chat/node_modules/next/dist/build/webpack/config/blocks/css/plugins.js:157:56
    at Array.map (<anonymous>)

Import trace for requested module:
./src/app/globals.css.webpack[javascript/auto]!=!./node_modules/next/dist/build/webpack/loaders/css-loader/src/index.js??ruleSet[1].rules[13].oneOf[12].use[2]!./node_modules/next/dist/build/webpack/loaders/postcss-loader/src/index.js??ruleSet[1].rules[13].oneOf[12].use[3]!./src/app/globals.css
./src/app/globals.css

./src/app/globals.css
Error: Invalid package config /Users/jordaaan/Library/Mobile Documents/com~apple~CloudDocs/BHT Promo iCloud/Organized AI/Windsurf/Kekoa Chat/node_modules/tailwindcss/package.json.
    at Object.read (node:internal/modules/package_json_reader:113:33)
    at _readPackage (node:internal/modules/cjs/loader:482:55)
    at resolveExports (node:internal/modules/cjs/loader:667:15)
    at Module._findPath (node:internal/modules/cjs/loader:738:31)
    at Module.<anonymous> (node:internal/modules/cjs/loader:1396:27)
    at /Users/jordaaan/Library/Mobile Documents/com~apple~CloudDocs/BHT Promo iCloud/Organized AI/Windsurf/Kekoa Chat/node_modules/next/dist/server/require-hook.js:55:36
    at require.resolve (node:internal/modules/helpers:163:19)
    at loadPlugin (/Users/jordaaan/Library/Mobile Documents/com~apple~CloudDocs/BHT Promo iCloud/Organized AI/Windsurf/Kekoa Chat/node_modules/next/dist/build/webpack/config/blocks/css/plugins.js:49:32)
    at /Users/jordaaan/Library/Mobile Documents/com~apple~CloudDocs/BHT Promo iCloud/Organized AI/Windsurf/Kekoa Chat/node_modules/next/dist/build/webpack/config/blocks/css/plugins.js:157:56
    at Array.map (<anonymous>)
    at tryRunOrWebpackError (/Users/jordaaan/Library/Mobile Documents/com~apple~CloudDocs/BHT Promo iCloud/Organized AI/Windsurf/Kekoa Chat/node_modules/next/dist/compiled/webpack/bundle5.js:28:312989)
    at __webpack_require_module__ (/Users/jordaaan/Library/Mobile Documents/com~apple~CloudDocs/BHT Promo iCloud/Organized AI/Windsurf/Kekoa Chat/node_modules/next/dist/compiled/webpack/bundle5.js:28:131165)
    at __nested_webpack_require_153728__ (/Users/jordaaan/Library/Mobile Documents/com~apple~CloudDocs/BHT Promo iCloud/Organized AI/Windsurf/Kekoa Chat/node_modules/next/dist/compiled/webpack/bundle5.js:28:130607)
    at /Users/jordaaan/Library/Mobile Documents/com~apple~CloudDocs/BHT Promo iCloud/Organized AI/Windsurf/Kekoa Chat/node_modules/next/dist/compiled/webpack/bundle5.js:28:131454
    at symbolIterator (/Users/jordaaan/Library/Mobile Documents/com~apple~CloudDocs/BHT Promo iCloud/Organized AI/Windsurf/Kekoa Chat/node_modules/next/dist/compiled/neo-async/async.js:1:14444)
    at done (/Users/jordaaan/Library/Mobile Documents/com~apple~CloudDocs/BHT Promo iCloud/Organized AI/Windsurf/Kekoa Chat/node_modules/next/dist/compiled/neo-async/async.js:1:14824)
    at Hook.eval [as callAsync] (eval at create (/Users/jordaaan/Library/Mobile Documents/com~apple~CloudDocs/BHT Promo iCloud/Organized AI/Windsurf/Kekoa Chat/node_modules/next/dist/compiled/webpack/bundle5.js:13:28858), <anonymous>:15:1)
    at Hook.CALL_ASYNC_DELEGATE [as _callAsync] (/Users/jordaaan/Library/Mobile Documents/com~apple~CloudDocs/BHT Promo iCloud/Organized AI/Windsurf/Kekoa Chat/node_modules/next/dist/compiled/webpack/bundle5.js:13:26012)
    at /Users/jordaaan/Library/Mobile Documents/com~apple~CloudDocs/BHT Promo iCloud/Organized AI/Windsurf/Kekoa Chat/node_modules/next/dist/compiled/webpack/bundle5.js:28:130328
    at symbolIterator (/Users/jordaaan/Library/Mobile Documents/com~apple~CloudDocs/BHT Promo iCloud/Organized AI/Windsurf/Kekoa Chat/node_modules/next/dist/compiled/neo-async/async.js:1:14402)
-- inner error --
Error: Invalid package config /Users/jordaaan/Library/Mobile Documents/com~apple~CloudDocs/BHT Promo iCloud/Organized AI/Windsurf/Kekoa Chat/node_modules/tailwindcss/package.json.
    at Object.read (node:internal/modules/package_json_reader:113:33)
    at _readPackage (node:internal/modules/cjs/loader:482:55)
    at resolveExports (node:internal/modules/cjs/loader:667:15)
    at Module._findPath (node:internal/modules/cjs/loader:738:31)
    at Module.<anonymous> (node:internal/modules/cjs/loader:1396:27)
    at /Users/jordaaan/Library/Mobile Documents/com~apple~CloudDocs/BHT Promo iCloud/Organized AI/Windsurf/Kekoa Chat/node_modules/next/dist/server/require-hook.js:55:36
    at require.resolve (node:internal/modules/helpers:163:19)
    at loadPlugin (/Users/jordaaan/Library/Mobile Documents/com~apple~CloudDocs/BHT Promo iCloud/Organized AI/Windsurf/Kekoa Chat/node_modules/next/dist/build/webpack/config/blocks/css/plugins.js:49:32)
    at /Users/jordaaan/Library/Mobile Documents/com~apple~CloudDocs/BHT Promo iCloud/Organized AI/Windsurf/Kekoa Chat/node_modules/next/dist/build/webpack/config/blocks/css/plugins.js:157:56
    at Array.map (<anonymous>)
    at Object.<anonymous> (/Users/jordaaan/Library/Mobile Documents/com~apple~CloudDocs/BHT Promo iCloud/Organized AI/Windsurf/Kekoa Chat/node_modules/next/dist/build/webpack/loaders/css-loader/src/index.js??ruleSet[1].rules[13].oneOf[12].use[2]!/Users/jordaaan/Library/Mobile Documents/com~apple~CloudDocs/BHT Promo iCloud/Organized AI/Windsurf/Kekoa Chat/node_modules/next/dist/build/webpack/loaders/postcss-loader/src/index.js??ruleSet[1].rules[13].oneOf[12].use[3]!/Users/jordaaan/Library/Mobile Documents/com~apple~CloudDocs/BHT Promo iCloud/Organized AI/Windsurf/Kekoa Chat/src/app/globals.css:1:7)
    at /Users/jordaaan/Library/Mobile Documents/com~apple~CloudDocs/BHT Promo iCloud/Organized AI/Windsurf/Kekoa Chat/node_modules/next/dist/compiled/webpack/bundle5.js:28:922493
    at Hook.eval [as call] (eval at create (/Users/jordaaan/Library/Mobile Documents/com~apple~CloudDocs/BHT Promo iCloud/Organized AI/Windsurf/Kekoa Chat/node_modules/next/dist/compiled/webpack/bundle5.js:13:28636), <anonymous>:7:1)
    at Hook.CALL_DELEGATE [as _call] (/Users/jordaaan/Library/Mobile Documents/com~apple~CloudDocs/BHT Promo iCloud/Organized AI/Windsurf/Kekoa Chat/node_modules/next/dist/compiled/webpack/bundle5.js:13:25906)
    at /Users/jordaaan/Library/Mobile Documents/com~apple~CloudDocs/BHT Promo iCloud/Organized AI/Windsurf/Kekoa Chat/node_modules/next/dist/compiled/webpack/bundle5.js:28:131198
    at tryRunOrWebpackError (/Users/jordaaan/Library/Mobile Documents/com~apple~CloudDocs/BHT Promo iCloud/Organized AI/Windsurf/Kekoa Chat/node_modules/next/dist/compiled/webpack/bundle5.js:28:312943)
    at __webpack_require_module__ (/Users/jordaaan/Library/Mobile Documents/com~apple~CloudDocs/BHT Promo iCloud/Organized AI/Windsurf/Kekoa Chat/node_modules/next/dist/compiled/webpack/bundle5.js:28:131165)
    at __nested_webpack_require_153728__ (/Users/jordaaan/Library/Mobile Documents/com~apple~CloudDocs/BHT Promo iCloud/Organized AI/Windsurf/Kekoa Chat/node_modules/next/dist/compiled/webpack/bundle5.js:28:130607)
    at /Users/jordaaan/Library/Mobile Documents/com~apple~CloudDocs/BHT Promo iCloud/Organized AI/Windsurf/Kekoa Chat/node_modules/next/dist/compiled/webpack/bundle5.js:28:131454
    at symbolIterator (/Users/jordaaan/Library/Mobile Documents/com~apple~CloudDocs/BHT Promo iCloud/Organized AI/Windsurf/Kekoa Chat/node_modules/next/dist/compiled/neo-async/async.js:1:14444)

Generated code for /Users/jordaaan/Library/Mobile Documents/com~apple~CloudDocs/BHT Promo iCloud/Organized AI/Windsurf/Kekoa Chat/node_modules/next/dist/build/webpack/loaders/css-loader/src/index.js??ruleSet[1].rules[13].oneOf[12].use[2]!/Users/jordaaan/Library/Mobile Documents/com~apple~CloudDocs/BHT Promo iCloud/Organized AI/Windsurf/Kekoa Chat/node_modules/next/dist/build/webpack/loaders/postcss-loader/src/index.js??ruleSet[1].rules[13].oneOf[12].use[3]!/Users/jordaaan/Library/Mobile Documents/com~apple~CloudDocs/BHT Promo iCloud/Organized AI/Windsurf/Kekoa Chat/src/app/globals.css

Import trace for requested module:
./src/app/globals.css

src/app/layout.tsx
An error occurred in `next/font`.

Error: Invalid package config /Users/jordaaan/Library/Mobile Documents/com~apple~CloudDocs/BHT Promo iCloud/Organized AI/Windsurf/Kekoa Chat/node_modules/tailwindcss/package.json.
    at Object.read (node:internal/modules/package_json_reader:113:33)
    at _readPackage (node:internal/modules/cjs/loader:482:55)
    at resolveExports (node:internal/modules/cjs/loader:667:15)
    at Module._findPath (node:internal/modules/cjs/loader:738:31)
    at Module.<anonymous> (node:internal/modules/cjs/loader:1396:27)
    at /Users/jordaaan/Library/Mobile Documents/com~apple~CloudDocs/BHT Promo iCloud/Organized AI/Windsurf/Kekoa Chat/node_modules/next/dist/server/require-hook.js:55:36
    at require.resolve (node:internal/modules/helpers:163:19)
    at loadPlugin (/Users/jordaaan/Library/Mobile Documents/com~apple~CloudDocs/BHT Promo iCloud/Organized AI/Windsurf/Kekoa Chat/node_modules/next/dist/build/webpack/config/blocks/css/plugins.js:49:32)
    at /Users/jordaaan/Library/Mobile Documents/com~apple~CloudDocs/BHT Promo iCloud/Organized AI/Windsurf/Kekoa Chat/node_modules/next/dist/build/webpack/config/blocks/css/plugins.js:157:56
    at Array.map (<anonymous>)
    at tryRunOrWebpackError (/Users/jordaaan/Library/Mobile Documents/com~apple~CloudDocs/BHT Promo iCloud/Organized AI/Windsurf/Kekoa Chat/node_modules/next/dist/compiled/webpack/bundle5.js:28:312989)
    at __webpack_require_module__ (/Users/jordaaan/Library/Mobile Documents/com~apple~CloudDocs/BHT Promo iCloud/Organized AI/Windsurf/Kekoa Chat/node_modules/next/dist/compiled/webpack/bundle5.js:28:131165)
    at __nested_webpack_require_153728__ (/Users/jordaaan/Library/Mobile Documents/com~apple~CloudDocs/BHT Promo iCloud/Organized AI/Windsurf/Kekoa Chat/node_modules/next/dist/compiled/webpack/bundle5.js:28:130607)
    at /Users/jordaaan/Library/Mobile Documents/com~apple~CloudDocs/BHT Promo iCloud/Organized AI/Windsurf/Kekoa Chat/node_modules/next/dist/compiled/webpack/bundle5.js:28:131454
    at symbolIterator (/Users/jordaaan/Library/Mobile Documents/com~apple~CloudDocs/BHT Promo iCloud/Organized AI/Windsurf/Kekoa Chat/node_modules/next/dist/compiled/neo-async/async.js:1:14444)
    at done (/Users/jordaaan/Library/Mobile Documents/com~apple~CloudDocs/BHT Promo iCloud/Organized AI/Windsurf/Kekoa Chat/node_modules/next/dist/compiled/neo-async/async.js:1:14824)
    at Hook.eval [as callAsync] (eval at create (/Users/jordaaan/Library/Mobile Documents/com~apple~CloudDocs/BHT Promo iCloud/Organized AI/Windsurf/Kekoa Chat/node_modules/next/dist/compiled/webpack/bundle5.js:13:28858), <anonymous>:15:1)
    at /Users/jordaaan/Library/Mobile Documents/com~apple~CloudDocs/BHT Promo iCloud/Organized AI/Windsurf/Kekoa Chat/node_modules/next/dist/compiled/webpack/bundle5.js:28:130328
    at symbolIterator (/Users/jordaaan/Library/Mobile Documents/com~apple~CloudDocs/BHT Promo iCloud/Organized AI/Windsurf/Kekoa Chat/node_modules/next/dist/compiled/neo-async/async.js:1:14402)
    at timesSync (/Users/jordaaan/Library/Mobile Documents/com~apple~CloudDocs/BHT Promo iCloud/Organized AI/Windsurf/Kekoa Chat/node_modules/next/dist/compiled/neo-async/async.js:1:5027)
-- inner error --
Error: Invalid package config /Users/jordaaan/Library/Mobile Documents/com~apple~CloudDocs/BHT Promo iCloud/Organized AI/Windsurf/Kekoa Chat/node_modules/tailwindcss/package.json.
    at Object.read (node:internal/modules/package_json_reader:113:33)
    at _readPackage (node:internal/modules/cjs/loader:482:55)
    at resolveExports (node:internal/modules/cjs/loader:667:15)
    at Module._findPath (node:internal/modules/cjs/loader:738:31)
    at Module.<anonymous> (node:internal/modules/cjs/loader:1396:27)
    at /Users/jordaaan/Library/Mobile Documents/com~apple~CloudDocs/BHT Promo iCloud/Organized AI/Windsurf/Kekoa Chat/node_modules/next/dist/server/require-hook.js:55:36
    at require.resolve (node:internal/modules/helpers:163:19)
    at loadPlugin (/Users/jordaaan/Library/Mobile Documents/com~apple~CloudDocs/BHT Promo iCloud/Organized AI/Windsurf/Kekoa Chat/node_modules/next/dist/build/webpack/config/blocks/css/plugins.js:49:32)
    at /Users/jordaaan/Library/Mobile Documents/com~apple~CloudDocs/BHT Promo iCloud/Organized AI/Windsurf/Kekoa Chat/node_modules/next/dist/build/webpack/config/blocks/css/plugins.js:157:56
    at Array.map (<anonymous>)
    at Object.<anonymous> (/Users/jordaaan/Library/Mobile Documents/com~apple~CloudDocs/BHT Promo iCloud/Organized AI/Windsurf/Kekoa Chat/node_modules/next/dist/build/webpack/loaders/css-loader/src/index.js??ruleSet[1].rules[13].oneOf[2].use[1]!/Users/jordaaan/Library/Mobile Documents/com~apple~CloudDocs/BHT Promo iCloud/Organized AI/Windsurf/Kekoa Chat/node_modules/next/dist/build/webpack/loaders/next-font-loader/index.js??ruleSet[1].rules[13].oneOf[2].use[2]!/Users/jordaaan/Library/Mobile Documents/com~apple~CloudDocs/BHT Promo iCloud/Organized AI/Windsurf/Kekoa Chat/node_modules/next/font/google/target.css?{"path":"src/app/layout.tsx","import":"Inter","arguments":[{"subsets":["latin"],"display":"swap","variable":"--font-inter"}],"variableName":"inter"}:1:7)
    at /Users/jordaaan/Library/Mobile Documents/com~apple~CloudDocs/BHT Promo iCloud/Organized AI/Windsurf/Kekoa Chat/node_modules/next/dist/compiled/webpack/bundle5.js:28:922493
    at Hook.eval [as call] (eval at create (/Users/jordaaan/Library/Mobile Documents/com~apple~CloudDocs/BHT Promo iCloud/Organized AI/Windsurf/Kekoa Chat/node_modules/next/dist/compiled/webpack/bundle5.js:13:28636), <anonymous>:7:1)
    at /Users/jordaaan/Library/Mobile Documents/com~apple~CloudDocs/BHT Promo iCloud/Organized AI/Windsurf/Kekoa Chat/node_modules/next/dist/compiled/webpack/bundle5.js:28:131198
    at tryRunOrWebpackError (/Users/jordaaan/Library/Mobile Documents/com~apple~CloudDocs/BHT Promo iCloud/Organized AI/Windsurf/Kekoa Chat/node_modules/next/dist/compiled/webpack/bundle5.js:28:312943)
    at __webpack_require_module__ (/Users/jordaaan/Library/Mobile Documents/com~apple~CloudDocs/BHT Promo iCloud/Organized AI/Windsurf/Kekoa Chat/node_modules/next/dist/compiled/webpack/bundle5.js:28:131165)
    at __nested_webpack_require_153728__ (/Users/jordaaan/Library/Mobile Documents/com~apple~CloudDocs/BHT Promo iCloud/Organized AI/Windsurf/Kekoa Chat/node_modules/next/dist/compiled/webpack/bundle5.js:28:130607)
    at /Users/jordaaan/Library/Mobile Documents/com~apple~CloudDocs/BHT Promo iCloud/Organized AI/Windsurf/Kekoa Chat/node_modules/next/dist/compiled/webpack/bundle5.js:28:131454
    at symbolIterator (/Users/jordaaan/Library/Mobile Documents/com~apple~CloudDocs/BHT Promo iCloud/Organized AI/Windsurf/Kekoa Chat/node_modules/next/dist/compiled/neo-async/async.js:1:14444)
    at done (/Users/jordaaan/Library/Mobile Documents/com~apple~CloudDocs/BHT Promo iCloud/Organized AI/Windsurf/Kekoa Chat/node_modules/next/dist/compiled/neo-async/async.js:1:14824)

Generated code for /Users/jordaaan/Library/Mobile Documents/com~apple~CloudDocs/BHT Promo iCloud/Organized AI/Windsurf/Kekoa Chat/node_modules/next/dist/build/webpack/loaders/css-loader/src/index.js??ruleSet[1].rules[13].oneOf[2].use[1]!/Users/jordaaan/Library/Mobile Documents/com~apple~CloudDocs/BHT Promo iCloud/Organized AI/Windsurf/Kekoa Chat/node_modules/next/dist/build/webpack/loaders/next-font-loader/index.js??ruleSet[1].rules[13].oneOf[2].use[2]!/Users/jordaaan/Library/Mobile Documents/com~apple~CloudDocs/BHT Promo iCloud/Organized AI/Windsurf/Kekoa Chat/node_modules/next/font/google/target.css?{"path":"src/app/layout.tsx","import":"Inter","arguments":[{"subsets":["latin"],"display":"swap","variable":"--font-inter"}],"variableName":"inter"}


> Build failed because of webpack errors
